{"C:\\Users\\User\\Desktop\\project-frontend\\project-frontend\\backend\\addUserPaymentPost.js": {"path":"C:\\Users\\User\\Desktop\\project-frontend\\project-frontend\\backend\\addUserPaymentPost.js","statementMap":{"0":{"start":{"line":1,"column":22},"end":{"line":1,"column":46}},"1":{"start":{"line":2,"column":13},"end":{"line":2,"column":28}},"2":{"start":{"line":5,"column":18},"end":{"line":5,"column":31}},"3":{"start":{"line":6,"column":4},"end":{"line":6,"column":22}},"4":{"start":{"line":7,"column":15},"end":{"line":7,"column":60}},"5":{"start":{"line":8,"column":14},"end":{"line":8,"column":40}},"6":{"start":{"line":9,"column":4},"end":{"line":14,"column":6}},"7":{"start":{"line":10,"column":8},"end":{"line":12,"column":9}},"8":{"start":{"line":11,"column":12},"end":{"line":11,"column":41}},"9":{"start":{"line":13,"column":8},"end":{"line":13,"column":37}},"10":{"start":{"line":17,"column":0},"end":{"line":17,"column":31}}},"fnMap":{"0":{"name":"AddUserPayment","decl":{"start":{"line":4,"column":9},"end":{"line":4,"column":23}},"loc":{"start":{"line":4,"column":43},"end":{"line":15,"column":1}},"line":4},"1":{"name":"(anonymous_1)","decl":{"start":{"line":9,"column":23},"end":{"line":9,"column":24}},"loc":{"start":{"line":9,"column":30},"end":{"line":14,"column":5}},"line":9}},"branchMap":{"0":{"loc":{"start":{"line":10,"column":8},"end":{"line":12,"column":9}},"type":"if","locations":[{"start":{"line":10,"column":8},"end":{"line":12,"column":9}},{"start":{},"end":{}}],"line":10}},"s":{"0":1,"1":1,"2":2,"3":2,"4":2,"5":2,"6":2,"7":2,"8":1,"9":2,"10":1},"f":{"0":2,"1":2},"b":{"0":[1,1]},"_coverageSchema":"1a1c01bbd47fc00a2c39e90264f33305004495a9","hash":"b447ed0717db0ad42a3003c80d4b889eafcfbda9"}
,"C:\\Users\\User\\Desktop\\project-frontend\\project-frontend\\backend\\db.js": {"path":"C:\\Users\\User\\Desktop\\project-frontend\\project-frontend\\backend\\db.js","statementMap":{"0":{"start":{"line":1,"column":14},"end":{"line":1,"column":30}},"1":{"start":{"line":2,"column":20},"end":{"line":2,"column":44}},"2":{"start":{"line":3,"column":16},"end":{"line":3,"column":36}},"3":{"start":{"line":5,"column":22},"end":{"line":5,"column":42}},"4":{"start":{"line":6,"column":22},"end":{"line":6,"column":42}},"5":{"start":{"line":7,"column":19},"end":{"line":7,"column":36}},"6":{"start":{"line":9,"column":11},"end":{"line":14,"column":2}},"7":{"start":{"line":17,"column":4},"end":{"line":23,"column":7}},"8":{"start":{"line":18,"column":8},"end":{"line":21,"column":9}},"9":{"start":{"line":19,"column":12},"end":{"line":19,"column":58}},"10":{"start":{"line":20,"column":12},"end":{"line":20,"column":22}},"11":{"start":{"line":22,"column":8},"end":{"line":22,"column":39}},"12":{"start":{"line":27,"column":16},"end":{"line":27,"column":156}},"13":{"start":{"line":28,"column":4},"end":{"line":33,"column":7}},"14":{"start":{"line":29,"column":8},"end":{"line":31,"column":9}},"15":{"start":{"line":30,"column":8},"end":{"line":30,"column":17}},"16":{"start":{"line":32,"column":8},"end":{"line":32,"column":42}},"17":{"start":{"line":37,"column":17},"end":{"line":37,"column":155}},"18":{"start":{"line":38,"column":4},"end":{"line":43,"column":7}},"19":{"start":{"line":39,"column":8},"end":{"line":41,"column":9}},"20":{"start":{"line":40,"column":8},"end":{"line":40,"column":17}},"21":{"start":{"line":42,"column":8},"end":{"line":42,"column":43}},"22":{"start":{"line":47,"column":23},"end":{"line":47,"column":60}},"23":{"start":{"line":48,"column":4},"end":{"line":71,"column":6}},"24":{"start":{"line":49,"column":8},"end":{"line":70,"column":9}},"25":{"start":{"line":50,"column":12},"end":{"line":50,"column":61}},"26":{"start":{"line":52,"column":29},"end":{"line":52,"column":45}},"27":{"start":{"line":53,"column":12},"end":{"line":69,"column":13}},"28":{"start":{"line":54,"column":16},"end":{"line":65,"column":18}},"29":{"start":{"line":56,"column":40},"end":{"line":56,"column":100}},"30":{"start":{"line":57,"column":35},"end":{"line":57,"column":73}},"31":{"start":{"line":58,"column":20},"end":{"line":64,"column":22}},"32":{"start":{"line":59,"column":24},"end":{"line":63,"column":25}},"33":{"start":{"line":60,"column":28},"end":{"line":60,"column":77}},"34":{"start":{"line":62,"column":28},"end":{"line":62,"column":56}},"35":{"start":{"line":68,"column":16},"end":{"line":68,"column":66}},"36":{"start":{"line":74,"column":0},"end":{"line":74,"column":91}}},"fnMap":{"0":{"name":"connectDB","decl":{"start":{"line":16,"column":9},"end":{"line":16,"column":18}},"loc":{"start":{"line":16,"column":23},"end":{"line":24,"column":1}},"line":16},"1":{"name":"(anonymous_1)","decl":{"start":{"line":17,"column":15},"end":{"line":17,"column":16}},"loc":{"start":{"line":17,"column":22},"end":{"line":23,"column":5}},"line":17},"2":{"name":"createUserTable","decl":{"start":{"line":26,"column":9},"end":{"line":26,"column":24}},"loc":{"start":{"line":26,"column":29},"end":{"line":34,"column":1}},"line":26},"3":{"name":"(anonymous_3)","decl":{"start":{"line":28,"column":20},"end":{"line":28,"column":21}},"loc":{"start":{"line":28,"column":27},"end":{"line":33,"column":5}},"line":28},"4":{"name":"createOrdersTable","decl":{"start":{"line":36,"column":9},"end":{"line":36,"column":26}},"loc":{"start":{"line":36,"column":31},"end":{"line":44,"column":1}},"line":36},"5":{"name":"(anonymous_5)","decl":{"start":{"line":38,"column":21},"end":{"line":38,"column":22}},"loc":{"start":{"line":38,"column":28},"end":{"line":43,"column":5}},"line":38},"6":{"name":"insertAdminByDefault","decl":{"start":{"line":46,"column":9},"end":{"line":46,"column":29}},"loc":{"start":{"line":46,"column":34},"end":{"line":72,"column":1}},"line":46},"7":{"name":"(anonymous_7)","decl":{"start":{"line":48,"column":25},"end":{"line":48,"column":26}},"loc":{"start":{"line":48,"column":47},"end":{"line":71,"column":5}},"line":48},"8":{"name":"(anonymous_8)","decl":{"start":{"line":55,"column":22},"end":{"line":55,"column":23}},"loc":{"start":{"line":55,"column":37},"end":{"line":65,"column":17}},"line":55},"9":{"name":"(anonymous_9)","decl":{"start":{"line":58,"column":50},"end":{"line":58,"column":51}},"loc":{"start":{"line":58,"column":64},"end":{"line":64,"column":21}},"line":58}},"branchMap":{"0":{"loc":{"start":{"line":18,"column":8},"end":{"line":21,"column":9}},"type":"if","locations":[{"start":{"line":18,"column":8},"end":{"line":21,"column":9}},{"start":{},"end":{}}],"line":18},"1":{"loc":{"start":{"line":29,"column":8},"end":{"line":31,"column":9}},"type":"if","locations":[{"start":{"line":29,"column":8},"end":{"line":31,"column":9}},{"start":{},"end":{}}],"line":29},"2":{"loc":{"start":{"line":39,"column":8},"end":{"line":41,"column":9}},"type":"if","locations":[{"start":{"line":39,"column":8},"end":{"line":41,"column":9}},{"start":{},"end":{}}],"line":39},"3":{"loc":{"start":{"line":49,"column":8},"end":{"line":70,"column":9}},"type":"if","locations":[{"start":{"line":49,"column":8},"end":{"line":70,"column":9}},{"start":{"line":51,"column":14},"end":{"line":70,"column":9}}],"line":49},"4":{"loc":{"start":{"line":53,"column":12},"end":{"line":69,"column":13}},"type":"if","locations":[{"start":{"line":53,"column":12},"end":{"line":69,"column":13}},{"start":{"line":67,"column":19},"end":{"line":69,"column":13}}],"line":53},"5":{"loc":{"start":{"line":59,"column":24},"end":{"line":63,"column":25}},"type":"if","locations":[{"start":{"line":59,"column":24},"end":{"line":63,"column":25}},{"start":{"line":61,"column":31},"end":{"line":63,"column":25}}],"line":59}},"s":{"0":1,"1":1,"2":1,"3":1,"4":1,"5":1,"6":1,"7":0,"8":0,"9":0,"10":0,"11":0,"12":0,"13":0,"14":0,"15":0,"16":0,"17":0,"18":0,"19":0,"20":0,"21":0,"22":0,"23":0,"24":0,"25":0,"26":0,"27":0,"28":0,"29":0,"30":0,"31":0,"32":0,"33":0,"34":0,"35":0,"36":1},"f":{"0":0,"1":0,"2":0,"3":0,"4":0,"5":0,"6":0,"7":0,"8":0,"9":0},"b":{"0":[0,0],"1":[0,0],"2":[0,0],"3":[0,0],"4":[0,0],"5":[0,0]},"_coverageSchema":"1a1c01bbd47fc00a2c39e90264f33305004495a9","hash":"8cb9614b39e387204f07b14012f6ca8abb7d1226"}
}
