{"C:\\Users\\User\\Desktop\\project-frontend\\project-frontend\\backend\\register.js": {"path":"C:\\Users\\User\\Desktop\\project-frontend\\project-frontend\\backend\\register.js","statementMap":{"0":{"start":{"line":1,"column":16},"end":{"line":1,"column":34}},"1":{"start":{"line":2,"column":14},"end":{"line":2,"column":30}},"2":{"start":{"line":3,"column":19},"end":{"line":3,"column":41}},"3":{"start":{"line":4,"column":13},"end":{"line":4,"column":28}},"4":{"start":{"line":6,"column":15},"end":{"line":6,"column":32}},"5":{"start":{"line":8,"column":17},"end":{"line":8,"column":43}},"6":{"start":{"line":13,"column":11},"end":{"line":18,"column":2}},"7":{"start":{"line":20,"column":0},"end":{"line":26,"column":3}},"8":{"start":{"line":21,"column":4},"end":{"line":24,"column":5}},"9":{"start":{"line":22,"column":8},"end":{"line":22,"column":54}},"10":{"start":{"line":23,"column":8},"end":{"line":23,"column":18}},"11":{"start":{"line":25,"column":4},"end":{"line":25,"column":35}},"12":{"start":{"line":29,"column":12},"end":{"line":29,"column":152}},"13":{"start":{"line":30,"column":4},"end":{"line":35,"column":3}},"14":{"start":{"line":31,"column":8},"end":{"line":33,"column":9}},"15":{"start":{"line":32,"column":8},"end":{"line":32,"column":17}},"16":{"start":{"line":34,"column":8},"end":{"line":34,"column":42}},"17":{"start":{"line":38,"column":13},"end":{"line":38,"column":151}},"18":{"start":{"line":39,"column":4},"end":{"line":44,"column":3}},"19":{"start":{"line":40,"column":8},"end":{"line":42,"column":9}},"20":{"start":{"line":41,"column":8},"end":{"line":41,"column":17}},"21":{"start":{"line":43,"column":8},"end":{"line":43,"column":43}},"22":{"start":{"line":48,"column":20},"end":{"line":48,"column":44}},"23":{"start":{"line":50,"column":22},"end":{"line":50,"column":42}},"24":{"start":{"line":51,"column":22},"end":{"line":51,"column":42}},"25":{"start":{"line":52,"column":19},"end":{"line":52,"column":36}},"26":{"start":{"line":54,"column":19},"end":{"line":54,"column":56}},"27":{"start":{"line":55,"column":0},"end":{"line":82,"column":2}},"28":{"start":{"line":56,"column":4},"end":{"line":81,"column":5}},"29":{"start":{"line":57,"column":8},"end":{"line":57,"column":57}},"30":{"start":{"line":59,"column":25},"end":{"line":59,"column":41}},"31":{"start":{"line":60,"column":8},"end":{"line":80,"column":9}},"32":{"start":{"line":61,"column":12},"end":{"line":77,"column":14}},"33":{"start":{"line":64,"column":36},"end":{"line":64,"column":96}},"34":{"start":{"line":65,"column":31},"end":{"line":65,"column":69}},"35":{"start":{"line":66,"column":16},"end":{"line":72,"column":18}},"36":{"start":{"line":67,"column":20},"end":{"line":71,"column":21}},"37":{"start":{"line":68,"column":24},"end":{"line":68,"column":73}},"38":{"start":{"line":70,"column":24},"end":{"line":70,"column":52}},"39":{"start":{"line":75,"column":16},"end":{"line":75,"column":37}},"40":{"start":{"line":76,"column":16},"end":{"line":76,"column":71}},"41":{"start":{"line":79,"column":12},"end":{"line":79,"column":62}},"42":{"start":{"line":84,"column":23},"end":{"line":84,"column":39}},"43":{"start":{"line":86,"column":20},"end":{"line":91,"column":1}},"44":{"start":{"line":92,"column":0},"end":{"line":92,"column":38}},"45":{"start":{"line":95,"column":15},"end":{"line":95,"column":32}},"46":{"start":{"line":97,"column":26},"end":{"line":99,"column":1}},"47":{"start":{"line":98,"column":2},"end":{"line":98,"column":48}},"48":{"start":{"line":103,"column":0},"end":{"line":112,"column":1}},"49":{"start":{"line":113,"column":0},"end":{"line":113,"column":35}},"50":{"start":{"line":114,"column":0},"end":{"line":114,"column":59}},"51":{"start":{"line":116,"column":0},"end":{"line":116,"column":38}},"52":{"start":{"line":118,"column":0},"end":{"line":120,"column":2}},"53":{"start":{"line":119,"column":3},"end":{"line":119,"column":29}},"54":{"start":{"line":124,"column":23},"end":{"line":124,"column":25}},"55":{"start":{"line":125,"column":4},"end":{"line":133,"column":6}},"56":{"start":{"line":127,"column":12},"end":{"line":127,"column":33}},"57":{"start":{"line":132,"column":8},"end":{"line":132,"column":17}},"58":{"start":{"line":137,"column":0},"end":{"line":192,"column":2}},"59":{"start":{"line":138,"column":4},"end":{"line":141,"column":5}},"60":{"start":{"line":139,"column":8},"end":{"line":139,"column":49}},"61":{"start":{"line":140,"column":8},"end":{"line":140,"column":74}},"62":{"start":{"line":142,"column":4},"end":{"line":142,"column":26}},"63":{"start":{"line":144,"column":17},"end":{"line":144,"column":34}},"64":{"start":{"line":145,"column":18},"end":{"line":145,"column":36}},"65":{"start":{"line":146,"column":21},"end":{"line":146,"column":42}},"66":{"start":{"line":149,"column":28},"end":{"line":149,"column":74}},"67":{"start":{"line":150,"column":4},"end":{"line":190,"column":6}},"68":{"start":{"line":151,"column":8},"end":{"line":153,"column":9}},"69":{"start":{"line":152,"column":12},"end":{"line":152,"column":67}},"70":{"start":{"line":155,"column":8},"end":{"line":157,"column":9}},"71":{"start":{"line":156,"column":12},"end":{"line":156,"column":67}},"72":{"start":{"line":161,"column":4},"end":{"line":189,"column":10}},"73":{"start":{"line":163,"column":12},"end":{"line":163,"column":42}},"74":{"start":{"line":165,"column":23},"end":{"line":165,"column":79}},"75":{"start":{"line":168,"column":22},"end":{"line":168,"column":47}},"76":{"start":{"line":169,"column":12},"end":{"line":184,"column":14}},"77":{"start":{"line":170,"column":16},"end":{"line":172,"column":17}},"78":{"start":{"line":171,"column":20},"end":{"line":171,"column":29}},"79":{"start":{"line":174,"column":16},"end":{"line":174,"column":42}},"80":{"start":{"line":175,"column":16},"end":{"line":175,"column":44}},"81":{"start":{"line":176,"column":16},"end":{"line":176,"column":46}},"82":{"start":{"line":177,"column":16},"end":{"line":181,"column":32}},"83":{"start":{"line":178,"column":20},"end":{"line":178,"column":46}},"84":{"start":{"line":180,"column":20},"end":{"line":180,"column":45}},"85":{"start":{"line":183,"column":16},"end":{"line":183,"column":64}},"86":{"start":{"line":187,"column":12},"end":{"line":187,"column":33}},"87":{"start":{"line":188,"column":12},"end":{"line":188,"column":67}},"88":{"start":{"line":195,"column":4},"end":{"line":195,"column":85}},"89":{"start":{"line":196,"column":4},"end":{"line":222,"column":5}},"90":{"start":{"line":199,"column":22},"end":{"line":199,"column":73}},"91":{"start":{"line":200,"column":8},"end":{"line":200,"column":26}},"92":{"start":{"line":201,"column":8},"end":{"line":216,"column":9}},"93":{"start":{"line":202,"column":12},"end":{"line":202,"column":41}},"94":{"start":{"line":203,"column":12},"end":{"line":203,"column":43}},"95":{"start":{"line":205,"column":12},"end":{"line":209,"column":13}},"96":{"start":{"line":206,"column":16},"end":{"line":206,"column":42}},"97":{"start":{"line":208,"column":16},"end":{"line":208,"column":41}},"98":{"start":{"line":211,"column":12},"end":{"line":211,"column":68}},"99":{"start":{"line":215,"column":12},"end":{"line":215,"column":67}},"100":{"start":{"line":219,"column":8},"end":{"line":219,"column":29}},"101":{"start":{"line":220,"column":8},"end":{"line":220,"column":26}},"102":{"start":{"line":221,"column":8},"end":{"line":221,"column":62}},"103":{"start":{"line":225,"column":0},"end":{"line":251,"column":2}},"104":{"start":{"line":226,"column":4},"end":{"line":229,"column":5}},"105":{"start":{"line":227,"column":8},"end":{"line":227,"column":49}},"106":{"start":{"line":228,"column":8},"end":{"line":228,"column":74}},"107":{"start":{"line":230,"column":4},"end":{"line":230,"column":38}},"108":{"start":{"line":231,"column":18},"end":{"line":231,"column":36}},"109":{"start":{"line":232,"column":21},"end":{"line":232,"column":42}},"110":{"start":{"line":234,"column":28},"end":{"line":234,"column":74}},"111":{"start":{"line":235,"column":8},"end":{"line":250,"column":10}},"112":{"start":{"line":236,"column":12},"end":{"line":238,"column":13}},"113":{"start":{"line":237,"column":16},"end":{"line":237,"column":71}},"114":{"start":{"line":240,"column":12},"end":{"line":242,"column":13}},"115":{"start":{"line":241,"column":16},"end":{"line":241,"column":74}},"116":{"start":{"line":244,"column":23},"end":{"line":244,"column":45}},"117":{"start":{"line":245,"column":24},"end":{"line":245,"column":42}},"118":{"start":{"line":246,"column":12},"end":{"line":246,"column":29}},"119":{"start":{"line":248,"column":12},"end":{"line":248,"column":68}},"120":{"start":{"line":249,"column":12},"end":{"line":249,"column":48}},"121":{"start":{"line":253,"column":0},"end":{"line":259,"column":2}},"122":{"start":{"line":254,"column":17},"end":{"line":254,"column":33}},"123":{"start":{"line":255,"column":17},"end":{"line":255,"column":33}},"124":{"start":{"line":256,"column":4},"end":{"line":256,"column":32}},"125":{"start":{"line":257,"column":4},"end":{"line":257,"column":32}},"126":{"start":{"line":258,"column":4},"end":{"line":258,"column":38}},"127":{"start":{"line":262,"column":0},"end":{"line":271,"column":2}},"128":{"start":{"line":263,"column":21},"end":{"line":263,"column":37}},"129":{"start":{"line":264,"column":4},"end":{"line":264,"column":25}},"130":{"start":{"line":265,"column":4},"end":{"line":270,"column":5}},"131":{"start":{"line":266,"column":8},"end":{"line":266,"column":77}},"132":{"start":{"line":269,"column":8},"end":{"line":269,"column":45}},"133":{"start":{"line":273,"column":0},"end":{"line":276,"column":2}},"134":{"start":{"line":274,"column":17},"end":{"line":274,"column":33}},"135":{"start":{"line":275,"column":4},"end":{"line":275,"column":18}},"136":{"start":{"line":278,"column":0},"end":{"line":290,"column":2}},"137":{"start":{"line":279,"column":4},"end":{"line":289,"column":5}},"138":{"start":{"line":280,"column":8},"end":{"line":280,"column":79}},"139":{"start":{"line":282,"column":8},"end":{"line":288,"column":11}},"140":{"start":{"line":283,"column":12},"end":{"line":285,"column":13}},"141":{"start":{"line":284,"column":12},"end":{"line":284,"column":79}},"142":{"start":{"line":287,"column":12},"end":{"line":287,"column":68}},"143":{"start":{"line":292,"column":13},"end":{"line":292,"column":33}},"144":{"start":{"line":293,"column":18},"end":{"line":293,"column":36}},"145":{"start":{"line":295,"column":0},"end":{"line":309,"column":1}},"146":{"start":{"line":296,"column":17},"end":{"line":296,"column":27}},"147":{"start":{"line":297,"column":16},"end":{"line":297,"column":64}},"148":{"start":{"line":298,"column":17},"end":{"line":298,"column":65}},"149":{"start":{"line":299,"column":18},"end":{"line":299,"column":30}},"150":{"start":{"line":300,"column":4},"end":{"line":300,"column":22}},"151":{"start":{"line":301,"column":15},"end":{"line":301,"column":60}},"152":{"start":{"line":302,"column":14},"end":{"line":302,"column":40}},"153":{"start":{"line":303,"column":4},"end":{"line":308,"column":6}},"154":{"start":{"line":304,"column":8},"end":{"line":306,"column":9}},"155":{"start":{"line":305,"column":12},"end":{"line":305,"column":67}},"156":{"start":{"line":307,"column":8},"end":{"line":307,"column":37}},"157":{"start":{"line":311,"column":0},"end":{"line":326,"column":2}},"158":{"start":{"line":312,"column":4},"end":{"line":325,"column":5}},"159":{"start":{"line":313,"column":8},"end":{"line":313,"column":68}},"160":{"start":{"line":315,"column":22},"end":{"line":315,"column":39}},"161":{"start":{"line":316,"column":8},"end":{"line":316,"column":26}},"162":{"start":{"line":317,"column":18},"end":{"line":317,"column":64}},"163":{"start":{"line":318,"column":8},"end":{"line":324,"column":10}},"164":{"start":{"line":319,"column":12},"end":{"line":321,"column":13}},"165":{"start":{"line":320,"column":16},"end":{"line":320,"column":71}},"166":{"start":{"line":322,"column":12},"end":{"line":322,"column":31}},"167":{"start":{"line":323,"column":12},"end":{"line":323,"column":48}},"168":{"start":{"line":328,"column":15},"end":{"line":328,"column":17}},"169":{"start":{"line":330,"column":0},"end":{"line":390,"column":2}},"170":{"start":{"line":331,"column":4},"end":{"line":388,"column":5}},"171":{"start":{"line":332,"column":8},"end":{"line":332,"column":68}},"172":{"start":{"line":334,"column":8},"end":{"line":334,"column":38}},"173":{"start":{"line":335,"column":8},"end":{"line":335,"column":31}},"174":{"start":{"line":336,"column":22},"end":{"line":336,"column":36}},"175":{"start":{"line":337,"column":8},"end":{"line":337,"column":26}},"176":{"start":{"line":338,"column":19},"end":{"line":338,"column":60}},"177":{"start":{"line":339,"column":8},"end":{"line":387,"column":14}},"178":{"start":{"line":340,"column":12},"end":{"line":342,"column":13}},"179":{"start":{"line":341,"column":16},"end":{"line":341,"column":70}},"180":{"start":{"line":343,"column":25},"end":{"line":343,"column":47}},"181":{"start":{"line":344,"column":23},"end":{"line":344,"column":41}},"182":{"start":{"line":345,"column":28},"end":{"line":345,"column":45}},"183":{"start":{"line":346,"column":12},"end":{"line":346,"column":34}},"184":{"start":{"line":347,"column":12},"end":{"line":354,"column":13}},"185":{"start":{"line":348,"column":16},"end":{"line":348,"column":29}},"186":{"start":{"line":349,"column":16},"end":{"line":349,"column":38}},"187":{"start":{"line":352,"column":16},"end":{"line":352,"column":41}},"188":{"start":{"line":353,"column":16},"end":{"line":353,"column":38}},"189":{"start":{"line":356,"column":32},"end":{"line":356,"column":44}},"190":{"start":{"line":357,"column":31},"end":{"line":357,"column":42}},"191":{"start":{"line":358,"column":32},"end":{"line":368,"column":13}},"192":{"start":{"line":370,"column":31},"end":{"line":370,"column":58}},"193":{"start":{"line":371,"column":12},"end":{"line":371,"column":35}},"194":{"start":{"line":373,"column":25},"end":{"line":373,"column":67}},"195":{"start":{"line":374,"column":12},"end":{"line":374,"column":29}},"196":{"start":{"line":377,"column":32},"end":{"line":377,"column":64}},"197":{"start":{"line":378,"column":12},"end":{"line":378,"column":36}},"198":{"start":{"line":379,"column":25},"end":{"line":379,"column":84}},"199":{"start":{"line":380,"column":12},"end":{"line":380,"column":29}},"200":{"start":{"line":381,"column":30},"end":{"line":381,"column":66}},"201":{"start":{"line":382,"column":12},"end":{"line":382,"column":34}},"202":{"start":{"line":383,"column":29},"end":{"line":383,"column":64}},"203":{"start":{"line":384,"column":12},"end":{"line":384,"column":38}},"204":{"start":{"line":385,"column":12},"end":{"line":385,"column":43}},"205":{"start":{"line":386,"column":12},"end":{"line":386,"column":49}},"206":{"start":{"line":392,"column":0},"end":{"line":392,"column":31}}},"fnMap":{"0":{"name":"(anonymous_0)","decl":{"start":{"line":20,"column":11},"end":{"line":20,"column":12}},"loc":{"start":{"line":20,"column":18},"end":{"line":26,"column":1}},"line":20},"1":{"name":"(anonymous_1)","decl":{"start":{"line":30,"column":20},"end":{"line":30,"column":21}},"loc":{"start":{"line":30,"column":27},"end":{"line":35,"column":1}},"line":30},"2":{"name":"(anonymous_2)","decl":{"start":{"line":39,"column":21},"end":{"line":39,"column":22}},"loc":{"start":{"line":39,"column":28},"end":{"line":44,"column":1}},"line":39},"3":{"name":"(anonymous_3)","decl":{"start":{"line":55,"column":21},"end":{"line":55,"column":22}},"loc":{"start":{"line":55,"column":43},"end":{"line":82,"column":1}},"line":55},"4":{"name":"(anonymous_4)","decl":{"start":{"line":62,"column":18},"end":{"line":62,"column":19}},"loc":{"start":{"line":62,"column":33},"end":{"line":73,"column":13}},"line":62},"5":{"name":"(anonymous_5)","decl":{"start":{"line":66,"column":46},"end":{"line":66,"column":47}},"loc":{"start":{"line":66,"column":69},"end":{"line":72,"column":17}},"line":66},"6":{"name":"(anonymous_6)","decl":{"start":{"line":74,"column":19},"end":{"line":74,"column":20}},"loc":{"start":{"line":74,"column":30},"end":{"line":77,"column":13}},"line":74},"7":{"name":"(anonymous_7)","decl":{"start":{"line":97,"column":26},"end":{"line":97,"column":27}},"loc":{"start":{"line":97,"column":32},"end":{"line":99,"column":1}},"line":97},"8":{"name":"(anonymous_8)","decl":{"start":{"line":118,"column":24},"end":{"line":118,"column":25}},"loc":{"start":{"line":118,"column":37},"end":{"line":120,"column":1}},"line":118},"9":{"name":"Hashing","decl":{"start":{"line":123,"column":15},"end":{"line":123,"column":22}},"loc":{"start":{"line":123,"column":41},"end":{"line":134,"column":1}},"line":123},"10":{"name":"(anonymous_10)","decl":{"start":{"line":126,"column":10},"end":{"line":126,"column":11}},"loc":{"start":{"line":126,"column":30},"end":{"line":128,"column":9}},"line":126},"11":{"name":"(anonymous_11)","decl":{"start":{"line":131,"column":11},"end":{"line":131,"column":12}},"loc":{"start":{"line":131,"column":20},"end":{"line":133,"column":5}},"line":131},"12":{"name":"(anonymous_12)","decl":{"start":{"line":137,"column":28},"end":{"line":137,"column":29}},"loc":{"start":{"line":137,"column":41},"end":{"line":192,"column":1}},"line":137},"13":{"name":"(anonymous_13)","decl":{"start":{"line":150,"column":30},"end":{"line":150,"column":31}},"loc":{"start":{"line":150,"column":47},"end":{"line":190,"column":5}},"line":150},"14":{"name":"(anonymous_14)","decl":{"start":{"line":162,"column":14},"end":{"line":162,"column":15}},"loc":{"start":{"line":162,"column":37},"end":{"line":185,"column":9}},"line":162},"15":{"name":"(anonymous_15)","decl":{"start":{"line":169,"column":31},"end":{"line":169,"column":32}},"loc":{"start":{"line":169,"column":40},"end":{"line":184,"column":13}},"line":169},"16":{"name":"(anonymous_16)","decl":{"start":{"line":186,"column":15},"end":{"line":186,"column":16}},"loc":{"start":{"line":186,"column":26},"end":{"line":189,"column":9}},"line":186},"17":{"name":"isMatch","decl":{"start":{"line":194,"column":15},"end":{"line":194,"column":22}},"loc":{"start":{"line":194,"column":54},"end":{"line":223,"column":1}},"line":194},"18":{"name":"(anonymous_18)","decl":{"start":{"line":225,"column":31},"end":{"line":225,"column":32}},"loc":{"start":{"line":225,"column":44},"end":{"line":251,"column":1}},"line":225},"19":{"name":"(anonymous_19)","decl":{"start":{"line":235,"column":34},"end":{"line":235,"column":35}},"loc":{"start":{"line":235,"column":51},"end":{"line":250,"column":9}},"line":235},"20":{"name":"(anonymous_20)","decl":{"start":{"line":253,"column":28},"end":{"line":253,"column":29}},"loc":{"start":{"line":253,"column":40},"end":{"line":259,"column":1}},"line":253},"21":{"name":"(anonymous_21)","decl":{"start":{"line":262,"column":37},"end":{"line":262,"column":38}},"loc":{"start":{"line":262,"column":51},"end":{"line":271,"column":1}},"line":262},"22":{"name":"(anonymous_22)","decl":{"start":{"line":273,"column":32},"end":{"line":273,"column":33}},"loc":{"start":{"line":273,"column":46},"end":{"line":276,"column":1}},"line":273},"23":{"name":"(anonymous_23)","decl":{"start":{"line":278,"column":32},"end":{"line":278,"column":33}},"loc":{"start":{"line":278,"column":46},"end":{"line":290,"column":1}},"line":278},"24":{"name":"(anonymous_24)","decl":{"start":{"line":282,"column":28},"end":{"line":282,"column":29}},"loc":{"start":{"line":282,"column":37},"end":{"line":288,"column":9}},"line":282},"25":{"name":"(anonymous_25)","decl":{"start":{"line":295,"column":28},"end":{"line":295,"column":29}},"loc":{"start":{"line":295,"column":39},"end":{"line":309,"column":1}},"line":295},"26":{"name":"(anonymous_26)","decl":{"start":{"line":303,"column":23},"end":{"line":303,"column":24}},"loc":{"start":{"line":303,"column":30},"end":{"line":308,"column":5}},"line":303},"27":{"name":"(anonymous_27)","decl":{"start":{"line":311,"column":34},"end":{"line":311,"column":35}},"loc":{"start":{"line":311,"column":45},"end":{"line":326,"column":1}},"line":311},"28":{"name":"(anonymous_28)","decl":{"start":{"line":318,"column":22},"end":{"line":318,"column":23}},"loc":{"start":{"line":318,"column":37},"end":{"line":324,"column":9}},"line":318},"29":{"name":"(anonymous_29)","decl":{"start":{"line":330,"column":32},"end":{"line":330,"column":33}},"loc":{"start":{"line":330,"column":46},"end":{"line":390,"column":1}},"line":330},"30":{"name":"(anonymous_30)","decl":{"start":{"line":339,"column":24},"end":{"line":339,"column":25}},"loc":{"start":{"line":339,"column":41},"end":{"line":387,"column":13}},"line":339}},"branchMap":{"0":{"loc":{"start":{"line":21,"column":4},"end":{"line":24,"column":5}},"type":"if","locations":[{"start":{"line":21,"column":4},"end":{"line":24,"column":5}},{"start":{},"end":{}}],"line":21},"1":{"loc":{"start":{"line":31,"column":8},"end":{"line":33,"column":9}},"type":"if","locations":[{"start":{"line":31,"column":8},"end":{"line":33,"column":9}},{"start":{},"end":{}}],"line":31},"2":{"loc":{"start":{"line":40,"column":8},"end":{"line":42,"column":9}},"type":"if","locations":[{"start":{"line":40,"column":8},"end":{"line":42,"column":9}},{"start":{},"end":{}}],"line":40},"3":{"loc":{"start":{"line":56,"column":4},"end":{"line":81,"column":5}},"type":"if","locations":[{"start":{"line":56,"column":4},"end":{"line":81,"column":5}},{"start":{"line":58,"column":10},"end":{"line":81,"column":5}}],"line":56},"4":{"loc":{"start":{"line":60,"column":8},"end":{"line":80,"column":9}},"type":"if","locations":[{"start":{"line":60,"column":8},"end":{"line":80,"column":9}},{"start":{"line":78,"column":15},"end":{"line":80,"column":9}}],"line":60},"5":{"loc":{"start":{"line":67,"column":20},"end":{"line":71,"column":21}},"type":"if","locations":[{"start":{"line":67,"column":20},"end":{"line":71,"column":21}},{"start":{"line":69,"column":27},"end":{"line":71,"column":21}}],"line":67},"6":{"loc":{"start":{"line":138,"column":4},"end":{"line":141,"column":5}},"type":"if","locations":[{"start":{"line":138,"column":4},"end":{"line":141,"column":5}},{"start":{},"end":{}}],"line":138},"7":{"loc":{"start":{"line":151,"column":8},"end":{"line":153,"column":9}},"type":"if","locations":[{"start":{"line":151,"column":8},"end":{"line":153,"column":9}},{"start":{},"end":{}}],"line":151},"8":{"loc":{"start":{"line":155,"column":8},"end":{"line":157,"column":9}},"type":"if","locations":[{"start":{"line":155,"column":8},"end":{"line":157,"column":9}},{"start":{},"end":{}}],"line":155},"9":{"loc":{"start":{"line":170,"column":16},"end":{"line":172,"column":17}},"type":"if","locations":[{"start":{"line":170,"column":16},"end":{"line":172,"column":17}},{"start":{},"end":{}}],"line":170},"10":{"loc":{"start":{"line":177,"column":16},"end":{"line":181,"column":32}},"type":"if","locations":[{"start":{"line":177,"column":16},"end":{"line":181,"column":32}},{"start":{"line":179,"column":23},"end":{"line":181,"column":32}}],"line":177},"11":{"loc":{"start":{"line":201,"column":8},"end":{"line":216,"column":9}},"type":"if","locations":[{"start":{"line":201,"column":8},"end":{"line":216,"column":9}},{"start":{"line":213,"column":12},"end":{"line":216,"column":9}}],"line":201},"12":{"loc":{"start":{"line":205,"column":12},"end":{"line":209,"column":13}},"type":"if","locations":[{"start":{"line":205,"column":12},"end":{"line":209,"column":13}},{"start":{"line":207,"column":18},"end":{"line":209,"column":13}}],"line":205},"13":{"loc":{"start":{"line":226,"column":4},"end":{"line":229,"column":5}},"type":"if","locations":[{"start":{"line":226,"column":4},"end":{"line":229,"column":5}},{"start":{},"end":{}}],"line":226},"14":{"loc":{"start":{"line":236,"column":12},"end":{"line":238,"column":13}},"type":"if","locations":[{"start":{"line":236,"column":12},"end":{"line":238,"column":13}},{"start":{},"end":{}}],"line":236},"15":{"loc":{"start":{"line":240,"column":12},"end":{"line":242,"column":13}},"type":"if","locations":[{"start":{"line":240,"column":12},"end":{"line":242,"column":13}},{"start":{},"end":{}}],"line":240},"16":{"loc":{"start":{"line":258,"column":13},"end":{"line":258,"column":37}},"type":"binary-expr","locations":[{"start":{"line":258,"column":14},"end":{"line":258,"column":28}},{"start":{"line":258,"column":33},"end":{"line":258,"column":37}}],"line":258},"17":{"loc":{"start":{"line":265,"column":4},"end":{"line":270,"column":5}},"type":"if","locations":[{"start":{"line":265,"column":4},"end":{"line":270,"column":5}},{"start":{"line":268,"column":8},"end":{"line":270,"column":5}}],"line":265},"18":{"loc":{"start":{"line":279,"column":4},"end":{"line":289,"column":5}},"type":"if","locations":[{"start":{"line":279,"column":4},"end":{"line":289,"column":5}},{"start":{"line":281,"column":10},"end":{"line":289,"column":5}}],"line":279},"19":{"loc":{"start":{"line":283,"column":12},"end":{"line":285,"column":13}},"type":"if","locations":[{"start":{"line":283,"column":12},"end":{"line":285,"column":13}},{"start":{},"end":{}}],"line":283},"20":{"loc":{"start":{"line":304,"column":8},"end":{"line":306,"column":9}},"type":"if","locations":[{"start":{"line":304,"column":8},"end":{"line":306,"column":9}},{"start":{},"end":{}}],"line":304},"21":{"loc":{"start":{"line":312,"column":4},"end":{"line":325,"column":5}},"type":"if","locations":[{"start":{"line":312,"column":4},"end":{"line":325,"column":5}},{"start":{"line":314,"column":10},"end":{"line":325,"column":5}}],"line":312},"22":{"loc":{"start":{"line":319,"column":12},"end":{"line":321,"column":13}},"type":"if","locations":[{"start":{"line":319,"column":12},"end":{"line":321,"column":13}},{"start":{},"end":{}}],"line":319},"23":{"loc":{"start":{"line":331,"column":4},"end":{"line":388,"column":5}},"type":"if","locations":[{"start":{"line":331,"column":4},"end":{"line":388,"column":5}},{"start":{"line":333,"column":10},"end":{"line":388,"column":5}}],"line":331},"24":{"loc":{"start":{"line":340,"column":12},"end":{"line":342,"column":13}},"type":"if","locations":[{"start":{"line":340,"column":12},"end":{"line":342,"column":13}},{"start":{},"end":{}}],"line":340},"25":{"loc":{"start":{"line":347,"column":12},"end":{"line":354,"column":13}},"type":"if","locations":[{"start":{"line":347,"column":12},"end":{"line":354,"column":13}},{"start":{"line":351,"column":16},"end":{"line":354,"column":13}}],"line":347}},"s":{"0":1,"1":1,"2":1,"3":1,"4":1,"5":1,"6":1,"7":1,"8":1,"9":1,"10":1,"11":0,"12":1,"13":1,"14":1,"15":1,"16":0,"17":1,"18":1,"19":0,"20":0,"21":0,"22":1,"23":1,"24":1,"25":1,"26":1,"27":1,"28":0,"29":0,"30":0,"31":0,"32":0,"33":0,"34":0,"35":0,"36":0,"37":0,"38":0,"39":0,"40":0,"41":0,"42":1,"43":1,"44":1,"45":1,"46":1,"47":1,"48":1,"49":1,"50":1,"51":1,"52":1,"53":1,"54":0,"55":0,"56":0,"57":0,"58":1,"59":0,"60":0,"61":0,"62":0,"63":0,"64":0,"65":0,"66":0,"67":0,"68":0,"69":0,"70":0,"71":0,"72":0,"73":0,"74":0,"75":0,"76":0,"77":0,"78":0,"79":0,"80":0,"81":0,"82":0,"83":0,"84":0,"85":0,"86":0,"87":0,"88":0,"89":0,"90":0,"91":0,"92":0,"93":0,"94":0,"95":0,"96":0,"97":0,"98":0,"99":0,"100":0,"101":0,"102":0,"103":1,"104":0,"105":0,"106":0,"107":0,"108":0,"109":0,"110":0,"111":0,"112":0,"113":0,"114":0,"115":0,"116":0,"117":0,"118":0,"119":0,"120":0,"121":1,"122":0,"123":0,"124":0,"125":0,"126":0,"127":1,"128":0,"129":0,"130":0,"131":0,"132":0,"133":1,"134":0,"135":0,"136":1,"137":0,"138":0,"139":0,"140":0,"141":0,"142":0,"143":1,"144":1,"145":1,"146":0,"147":0,"148":0,"149":0,"150":0,"151":0,"152":0,"153":0,"154":0,"155":0,"156":0,"157":1,"158":0,"159":0,"160":0,"161":0,"162":0,"163":0,"164":0,"165":0,"166":0,"167":0,"168":1,"169":1,"170":0,"171":0,"172":0,"173":0,"174":0,"175":0,"176":0,"177":0,"178":0,"179":0,"180":0,"181":0,"182":0,"183":0,"184":0,"185":0,"186":0,"187":0,"188":0,"189":0,"190":0,"191":0,"192":0,"193":0,"194":0,"195":0,"196":0,"197":0,"198":0,"199":0,"200":0,"201":0,"202":0,"203":0,"204":0,"205":0,"206":1},"f":{"0":1,"1":1,"2":0,"3":0,"4":0,"5":0,"6":0,"7":1,"8":1,"9":0,"10":0,"11":0,"12":0,"13":0,"14":0,"15":0,"16":0,"17":0,"18":0,"19":0,"20":0,"21":0,"22":0,"23":0,"24":0,"25":0,"26":0,"27":0,"28":0,"29":0,"30":0},"b":{"0":[1,0],"1":[1,0],"2":[0,0],"3":[0,0],"4":[0,0],"5":[0,0],"6":[0,0],"7":[0,0],"8":[0,0],"9":[0,0],"10":[0,0],"11":[0,0],"12":[0,0],"13":[0,0],"14":[0,0],"15":[0,0],"16":[0,0],"17":[0,0],"18":[0,0],"19":[0,0],"20":[0,0],"21":[0,0],"22":[0,0],"23":[0,0],"24":[0,0],"25":[0,0]},"_coverageSchema":"1a1c01bbd47fc00a2c39e90264f33305004495a9","hash":"533017fadbac4b5ef00845dbc22c769587dd9273"}
}
