TN:
SF:credentials
FNF:0
FNH:0
DA:1,3
LF:1
LH:1
BRF:0
BRH:0
end_of_record
TN:
SF:db.js
FN:16,connectDB
FN:17,(anonymous_1)
FN:26,createUserTable
FN:28,(anonymous_3)
FN:36,createOrdersTable
FN:38,(anonymous_5)
FN:46,insertAdminByDefault
FN:48,(anonymous_7)
FN:55,(anonymous_8)
FN:58,(anonymous_9)
FNF:10
FNH:4
FNDA:1,connectDB
FNDA:0,(anonymous_1)
FNDA:1,createUserTable
FNDA:0,(anonymous_3)
FNDA:1,createOrdersTable
FNDA:0,(anonymous_5)
FNDA:1,insertAdminByDefault
FNDA:0,(anonymous_7)
FNDA:0,(anonymous_8)
FNDA:0,(anonymous_9)
DA:1,2
DA:2,2
DA:3,2
DA:5,2
DA:6,2
DA:7,2
DA:9,2
DA:17,1
DA:18,0
DA:19,0
DA:20,0
DA:22,0
DA:27,1
DA:28,1
DA:29,0
DA:30,0
DA:32,0
DA:37,1
DA:38,1
DA:39,0
DA:40,0
DA:42,0
DA:47,1
DA:48,1
DA:49,0
DA:50,0
DA:52,0
DA:53,0
DA:54,0
DA:56,0
DA:57,0
DA:58,0
DA:59,0
DA:60,0
DA:62,0
DA:68,0
DA:74,2
LF:37
LH:15
BRDA:18,0,0,0
BRDA:18,0,1,0
BRDA:29,1,0,0
BRDA:29,1,1,0
BRDA:39,2,0,0
BRDA:39,2,1,0
BRDA:49,3,0,0
BRDA:49,3,1,0
BRDA:53,4,0,0
BRDA:53,4,1,0
BRDA:59,5,0,0
BRDA:59,5,1,0
BRF:12
BRH:0
end_of_record
TN:
SF:hashing.js
FN:3,Hashing
FNF:1
FNH:0
FNDA:0,Hashing
DA:1,1
DA:4,0
DA:5,0
DA:8,0
DA:9,0
DA:12,0
DA:14,0
DA:15,0
DA:16,0
DA:18,0
DA:22,1
LF:11
LH:2
BRDA:4,0,0,0
BRDA:4,0,1,0
BRDA:8,1,0,0
BRDA:8,1,1,0
BRF:4
BRH:0
end_of_record
TN:
SF:matching-check.js
FN:5,isMatch
FNF:1
FNH:1
FNDA:5,isMatch
DA:1,2
DA:2,2
DA:3,2
DA:6,5
DA:7,1
DA:11,4
DA:14,4
DA:15,3
DA:16,3
DA:17,2
DA:18,2
DA:20,2
DA:21,1
DA:23,1
DA:26,2
DA:30,1
DA:34,1
DA:35,1
DA:36,1
DA:40,2
LF:20
LH:20
BRDA:6,0,0,1
BRDA:6,0,1,4
BRDA:6,1,0,5
BRDA:6,1,1,4
BRDA:16,2,0,2
BRDA:16,2,1,1
BRDA:20,3,0,1
BRDA:20,3,1,1
BRF:8
BRH:8
end_of_record
TN:
SF:register.js
FN:43,(anonymous_0)
FN:64,(anonymous_1)
FN:72,(anonymous_2)
FN:80,(anonymous_3)
FN:96,(anonymous_4)
FN:107,(anonymous_5)
FN:115,(anonymous_6)
FN:119,(anonymous_7)
FN:132,(anonymous_8)
FN:140,(anonymous_9)
FN:148,(anonymous_10)
FN:155,(anonymous_11)
FN:168,(anonymous_12)
FNF:13
FNH:1
FNDA:1,(anonymous_0)
FNDA:0,(anonymous_1)
FNDA:0,(anonymous_2)
FNDA:0,(anonymous_3)
FNDA:0,(anonymous_4)
FNDA:0,(anonymous_5)
FNDA:0,(anonymous_6)
FNDA:0,(anonymous_7)
FNDA:0,(anonymous_8)
FNDA:0,(anonymous_9)
FNDA:0,(anonymous_10)
FNDA:0,(anonymous_11)
FNDA:0,(anonymous_12)
DA:1,1
DA:2,1
DA:3,1
DA:4,1
DA:10,1
DA:12,1
DA:15,1
DA:18,1
DA:22,1
DA:26,1
DA:28,1
DA:30,1
DA:32,1
DA:38,1
DA:41,1
DA:43,1
DA:44,1
DA:49,1
DA:59,1
DA:60,1
DA:62,1
DA:64,1
DA:65,0
DA:70,1
DA:72,1
DA:74,0
DA:77,1
DA:78,1
DA:80,1
DA:81,0
DA:96,1
DA:97,0
DA:98,0
DA:99,0
DA:100,0
DA:103,0
DA:107,1
DA:108,0
DA:109,0
DA:112,1
DA:115,1
DA:116,0
DA:117,0
DA:119,0
DA:120,0
DA:121,0
DA:124,0
DA:129,1
DA:130,1
DA:132,1
DA:133,0
DA:134,0
DA:135,0
DA:136,0
DA:137,0
DA:138,0
DA:139,0
DA:140,0
DA:141,0
DA:142,0
DA:144,0
DA:148,1
DA:149,0
DA:150,0
DA:152,0
DA:153,0
DA:154,0
DA:155,0
DA:156,0
DA:157,0
DA:159,0
DA:160,0
DA:165,1
DA:166,1
DA:168,1
DA:169,0
DA:172,1
LF:77
LH:39
BRDA:99,0,0,0
BRDA:99,0,1,0
BRDA:116,1,0,0
BRDA:116,1,1,0
BRDA:120,2,0,0
BRDA:120,2,1,0
BRDA:141,3,0,0
BRDA:141,3,1,0
BRDA:149,4,0,0
BRDA:149,4,1,0
BRDA:156,5,0,0
BRDA:156,5,1,0
BRF:12
BRH:0
end_of_record
TN:
SF:registerPost.js
FN:6,RegisterNewUser
FN:19,(anonymous_1)
FN:31,(anonymous_2)
FN:40,(anonymous_3)
FN:57,(anonymous_4)
FNF:5
FNH:3
FNDA:4,RegisterNewUser
FNDA:3,(anonymous_1)
FNDA:1,(anonymous_2)
FNDA:0,(anonymous_3)
FNDA:0,(anonymous_4)
DA:1,2
DA:2,2
DA:3,2
DA:4,2
DA:7,4
DA:8,1
DA:9,1
DA:11,3
DA:13,3
DA:14,3
DA:15,3
DA:18,3
DA:19,3
DA:20,3
DA:21,1
DA:24,2
DA:25,1
DA:30,1
DA:34,1
DA:36,1
DA:39,1
DA:40,1
DA:41,0
DA:42,0
DA:45,0
DA:46,0
DA:47,0
DA:48,0
DA:49,0
DA:51,0
DA:54,0
DA:58,0
DA:59,0
DA:64,2
LF:34
LH:23
BRDA:7,0,0,1
BRDA:7,0,1,3
BRDA:20,1,0,1
BRDA:20,1,1,2
BRDA:24,2,0,1
BRDA:24,2,1,1
BRDA:41,3,0,0
BRDA:41,3,1,0
BRDA:48,4,0,0
BRDA:48,4,1,0
BRF:10
BRH:6
end_of_record
