TN:
SF:PaymentPost.js
FN:5,HashPaymentInfo
FNF:1
FNH:1
FNDA:2,HashPaymentInfo
DA:1,2
DA:2,2
DA:3,2
DA:6,2
DA:7,1
DA:9,1
DA:10,1
DA:11,1
DA:12,1
DA:14,1
DA:15,1
DA:16,1
DA:17,1
DA:29,1
DA:30,1
DA:32,1
DA:33,1
DA:36,1
DA:38,1
DA:40,1
DA:42,1
DA:45,1
DA:49,2
LF:23
LH:23
BRDA:6,0,0,1
BRDA:6,0,1,1
BRF:2
BRH:2
end_of_record
TN:
SF:addUserPaymentPost.js
FN:4,AddUserPayment
FN:9,(anonymous_1)
FNF:2
FNH:2
FNDA:2,AddUserPayment
FNDA:2,(anonymous_1)
DA:1,2
DA:2,2
DA:5,2
DA:6,2
DA:7,2
DA:8,2
DA:9,2
DA:10,2
DA:11,1
DA:13,1
DA:14,1
DA:18,2
LF:12
LH:12
BRDA:10,0,0,1
BRDA:10,0,1,1
BRF:2
BRH:2
end_of_record
TN:
SF:be-keys.js
FNF:0
FNH:0
DA:1,1
LF:1
LH:1
BRF:0
BRH:0
end_of_record
TN:
SF:credentials.js
FNF:0
FNH:0
DA:1,7
LF:1
LH:1
BRF:0
BRH:0
end_of_record
TN:
SF:db.js
FN:16,connectDB
FN:17,(anonymous_1)
FN:26,createUserTable
FN:28,(anonymous_3)
FN:36,createOrdersTable
FN:38,(anonymous_5)
FN:46,insertAdminByDefault
FN:48,(anonymous_7)
FN:55,(anonymous_8)
FN:58,(anonymous_9)
FNF:10
FNH:10
FNDA:3,connectDB
FNDA:3,(anonymous_1)
FNDA:3,createUserTable
FNDA:3,(anonymous_3)
FNDA:3,createOrdersTable
FNDA:3,(anonymous_5)
FNDA:5,insertAdminByDefault
FNDA:4,(anonymous_7)
FNDA:2,(anonymous_8)
FNDA:2,(anonymous_9)
DA:1,6
DA:2,6
DA:3,6
DA:5,6
DA:6,6
DA:7,6
DA:9,6
DA:17,3
DA:18,3
DA:19,1
DA:20,1
DA:22,2
DA:27,3
DA:28,3
DA:29,3
DA:30,1
DA:32,2
DA:37,3
DA:38,3
DA:39,3
DA:40,1
DA:42,2
DA:47,5
DA:48,5
DA:49,4
DA:50,1
DA:52,3
DA:53,3
DA:54,2
DA:56,2
DA:57,2
DA:58,2
DA:59,2
DA:60,1
DA:62,1
DA:68,1
DA:74,6
LF:37
LH:37
BRDA:18,0,0,1
BRDA:18,0,1,2
BRDA:29,1,0,1
BRDA:29,1,1,2
BRDA:39,2,0,1
BRDA:39,2,1,2
BRDA:49,3,0,1
BRDA:49,3,1,3
BRDA:53,4,0,2
BRDA:53,4,1,1
BRDA:59,5,0,1
BRDA:59,5,1,1
BRF:12
BRH:12
end_of_record
TN:
SF:getTablePost.js
FN:3,getUserTable
FN:10,(anonymous_1)
FNF:2
FNH:2
FNDA:3,getUserTable
FNDA:2,(anonymous_1)
DA:1,2
DA:4,3
DA:5,1
DA:7,2
DA:8,2
DA:9,2
DA:10,2
DA:11,2
DA:12,1
DA:14,1
DA:15,1
DA:20,2
LF:12
LH:12
BRDA:4,0,0,1
BRDA:4,0,1,2
BRDA:11,1,0,1
BRDA:11,1,1,1
BRF:4
BRH:4
end_of_record
TN:
SF:hashing.js
FN:3,Hashing
FNF:1
FNH:1
FNDA:4,Hashing
DA:1,6
DA:4,4
DA:5,1
DA:8,3
DA:9,1
DA:12,2
DA:14,2
DA:15,2
DA:16,1
DA:18,1
DA:22,6
LF:11
LH:11
BRDA:4,0,0,1
BRDA:4,0,1,3
BRDA:8,1,0,1
BRDA:8,1,1,2
BRF:4
BRH:4
end_of_record
TN:
SF:loginPost.js
FN:4,LoginUser
FN:14,(anonymous_1)
FNF:2
FNH:2
FNDA:4,LoginUser
FNDA:3,(anonymous_1)
DA:1,2
DA:2,2
DA:5,4
DA:6,1
DA:7,1
DA:9,3
DA:10,3
DA:11,3
DA:13,3
DA:14,3
DA:15,3
DA:16,1
DA:19,2
DA:20,1
DA:23,1
DA:24,1
DA:25,1
DA:27,1
DA:28,1
DA:32,2
LF:20
LH:20
BRDA:5,0,0,1
BRDA:5,0,1,3
BRDA:15,1,0,1
BRDA:15,1,1,2
BRDA:19,2,0,1
BRDA:19,2,1,1
BRF:6
BRH:6
end_of_record
TN:
SF:logoutPost.js
FN:1,LogoutUser
FN:5,(anonymous_1)
FNF:2
FNH:2
FNDA:3,LogoutUser
FNDA:2,(anonymous_1)
DA:2,3
DA:3,1
DA:5,2
DA:6,2
DA:7,1
DA:10,1
DA:15,2
LF:7
LH:7
BRDA:2,0,0,1
BRDA:2,0,1,2
BRDA:6,1,0,1
BRDA:6,1,1,1
BRF:4
BRH:4
end_of_record
TN:
SF:matching-check.js
FN:5,isMatch
FNF:1
FNH:1
FNDA:5,isMatch
DA:1,2
DA:2,2
DA:3,2
DA:6,5
DA:7,1
DA:11,4
DA:14,4
DA:15,3
DA:16,3
DA:17,2
DA:18,2
DA:20,2
DA:21,1
DA:23,1
DA:26,2
DA:30,1
DA:34,1
DA:35,1
DA:36,1
DA:40,2
LF:20
LH:20
BRDA:6,0,0,1
BRDA:6,0,1,4
BRDA:6,1,0,5
BRDA:6,1,1,4
BRDA:16,2,0,2
BRDA:16,2,1,1
BRDA:20,3,0,1
BRDA:20,3,1,1
BRF:8
BRH:8
end_of_record
TN:
SF:register.js
FN:42,(anonymous_0)
FN:63,(anonymous_1)
FN:69,(anonymous_2)
FN:76,(anonymous_3)
FN:93,(anonymous_4)
FN:97,(anonymous_5)
FN:106,(anonymous_6)
FN:112,(anonymous_7)
FN:117,(anonymous_8)
FN:124,(anonymous_9)
FNF:10
FNH:2
FNDA:1,(anonymous_0)
FNDA:2,(anonymous_1)
FNDA:0,(anonymous_2)
FNDA:0,(anonymous_3)
FNDA:0,(anonymous_4)
FNDA:0,(anonymous_5)
FNDA:0,(anonymous_6)
FNDA:0,(anonymous_7)
FNDA:0,(anonymous_8)
FNDA:0,(anonymous_9)
DA:1,1
DA:2,1
DA:3,1
DA:4,1
DA:9,1
DA:11,1
DA:14,1
DA:17,1
DA:21,1
DA:25,1
DA:27,1
DA:29,1
DA:31,1
DA:37,1
DA:40,1
DA:42,1
DA:43,1
DA:48,1
DA:58,1
DA:59,1
DA:61,1
DA:63,1
DA:64,2
DA:67,1
DA:69,1
DA:71,0
DA:74,1
DA:76,1
DA:77,0
DA:91,1
DA:93,1
DA:94,0
DA:97,1
DA:98,0
DA:99,0
DA:100,0
DA:103,1
DA:106,1
DA:107,0
DA:110,1
DA:112,1
DA:113,0
DA:116,1
DA:117,1
DA:118,0
DA:121,1
DA:122,1
DA:124,1
DA:125,0
DA:126,0
DA:129,1
LF:51
LH:40
BRF:0
BRH:0
end_of_record
TN:
SF:registerPost.js
FN:6,RegisterNewUser
FN:19,(anonymous_1)
FN:31,(anonymous_2)
FN:40,(anonymous_3)
FN:60,(anonymous_4)
FNF:5
FNH:5
FNDA:7,RegisterNewUser
FNDA:6,(anonymous_1)
FNDA:3,(anonymous_2)
FNDA:3,(anonymous_3)
FNDA:1,(anonymous_4)
DA:1,2
DA:2,2
DA:3,2
DA:4,2
DA:7,7
DA:8,1
DA:9,1
DA:11,6
DA:13,6
DA:14,6
DA:15,6
DA:18,6
DA:19,6
DA:20,6
DA:21,1
DA:24,5
DA:25,1
DA:30,4
DA:33,3
DA:35,3
DA:36,3
DA:37,3
DA:39,3
DA:40,3
DA:41,3
DA:42,3
DA:43,1
DA:44,1
DA:47,2
DA:48,2
DA:49,2
DA:50,2
DA:51,2
DA:52,1
DA:54,1
DA:57,2
DA:61,1
DA:62,1
DA:63,1
DA:68,2
LF:40
LH:40
BRDA:7,0,0,1
BRDA:7,0,1,6
BRDA:20,1,0,1
BRDA:20,1,1,5
BRDA:24,2,0,1
BRDA:24,2,1,4
BRDA:42,3,0,1
BRDA:42,3,1,2
BRDA:51,4,0,1
BRDA:51,4,1,1
BRF:10
BRH:10
end_of_record
TN:
SF:sessionHookPost.js
FN:1,SessionHookControl
FNF:1
FNH:1
FNDA:2,SessionHookControl
DA:2,2
DA:3,2
DA:4,2
DA:5,1
DA:8,1
DA:12,2
LF:6
LH:6
BRDA:4,0,0,1
BRDA:4,0,1,1
BRF:2
BRH:2
end_of_record
TN:
SF:setTimeDate.js
FN:1,setTime
FN:7,setDate
FN:13,setTimeDate
FNF:3
FNH:3
FNDA:2,setTime
FNDA:2,setDate
FNDA:1,setTimeDate
DA:2,2
DA:3,2
DA:4,2
DA:8,2
DA:9,2
DA:10,2
DA:14,1
DA:15,1
DA:16,1
DA:17,1
DA:18,1
DA:21,2
LF:12
LH:12
BRF:0
BRH:0
end_of_record
TN:
SF:setUniqueNumber.js
FN:3,createUniqueNumber
FNF:1
FNH:1
FNDA:1,createUniqueNumber
DA:1,2
DA:4,1
DA:5,1
DA:6,1
DA:7,1
DA:9,1
DA:10,1
DA:12,1
DA:13,1
DA:15,1
DA:16,1
DA:18,1
DA:21,2
LF:13
LH:13
BRF:0
BRH:0
end_of_record
